<?xml version="1.0" encoding="UTF-8"?>
<testsuite xmlns:xsi="http://www.w3.org/2001/XMLSchema-instance" xsi:noNamespaceSchemaLocation="https://maven.apache.org/surefire/maven-surefire-plugin/xsd/surefire-test-report-3.0.xsd" version="3.0" name="org.JavaCar.FurgonetaTest" time="0.005" tests="4" errors="0" skipped="0" failures="0">
  <properties>
    <property name="java.specification.version" value="23"/>
    <property name="sun.jnu.encoding" value="UTF-8"/>
    <property name="java.class.path" value="/Users/alex/Library/Mobile Documents/com~apple~CloudDocs/Mis Cosas/Estudios/CFGS - DAM/1r/M03  - Programación/JAVA/UF4/Ejercicios_UF4/Practica_JavaCar/24-25-pr-ctica-ii-javacar-alex_jimenez/target/test-classes:/Users/alex/Library/Mobile Documents/com~apple~CloudDocs/Mis Cosas/Estudios/CFGS - DAM/1r/M03  - Programación/JAVA/UF4/Ejercicios_UF4/Practica_JavaCar/24-25-pr-ctica-ii-javacar-alex_jimenez/target/classes:/Users/alex/.m2/repository/junit/junit/4.13.2/junit-4.13.2.jar:/Users/alex/.m2/repository/org/hamcrest/hamcrest-core/1.3/hamcrest-core-1.3.jar:/Users/alex/.m2/repository/org/junit/vintage/junit-vintage-engine/5.8.1/junit-vintage-engine-5.8.1.jar:/Users/alex/.m2/repository/org/junit/platform/junit-platform-engine/1.8.1/junit-platform-engine-1.8.1.jar:/Users/alex/.m2/repository/org/opentest4j/opentest4j/1.2.0/opentest4j-1.2.0.jar:/Users/alex/.m2/repository/org/junit/platform/junit-platform-commons/1.8.1/junit-platform-commons-1.8.1.jar:/Users/alex/.m2/repository/org/apiguardian/apiguardian-api/1.1.2/apiguardian-api-1.1.2.jar:"/>
    <property name="java.vm.vendor" value="Homebrew"/>
    <property name="sun.arch.data.model" value="64"/>
    <property name="java.vendor.url" value="https://github.com/Homebrew/homebrew-core/issues"/>
    <property name="os.name" value="Mac OS X"/>
    <property name="java.vm.specification.version" value="23"/>
    <property name="sun.java.launcher" value="SUN_STANDARD"/>
    <property name="user.country" value="US"/>
    <property name="sun.boot.library.path" value="/opt/homebrew/Cellar/openjdk/23.0.2/libexec/openjdk.jdk/Contents/Home/lib"/>
    <property name="sun.java.command" value="/Users/alex/Library/Mobile Documents/com~apple~CloudDocs/Mis Cosas/Estudios/CFGS - DAM/1r/M03  - Programación/JAVA/UF4/Ejercicios_UF4/Practica_JavaCar/24-25-pr-ctica-ii-javacar-alex_jimenez/target/surefire/surefirebooter-20250322003715417_3.jar /Users/alex/Library/Mobile Documents/com~apple~CloudDocs/Mis Cosas/Estudios/CFGS - DAM/1r/M03  - Programación/JAVA/UF4/Ejercicios_UF4/Practica_JavaCar/24-25-pr-ctica-ii-javacar-alex_jimenez/target/surefire 2025-03-22T00-37-15_376-jvmRun1 surefire-20250322003715417_1tmp surefire_0-20250322003715417_2tmp"/>
    <property name="http.nonProxyHosts" value="local|*.local|169.254/16|*.169.254/16"/>
    <property name="jdk.debug" value="release"/>
    <property name="surefire.test.class.path" value="/Users/alex/Library/Mobile Documents/com~apple~CloudDocs/Mis Cosas/Estudios/CFGS - DAM/1r/M03  - Programación/JAVA/UF4/Ejercicios_UF4/Practica_JavaCar/24-25-pr-ctica-ii-javacar-alex_jimenez/target/test-classes:/Users/alex/Library/Mobile Documents/com~apple~CloudDocs/Mis Cosas/Estudios/CFGS - DAM/1r/M03  - Programación/JAVA/UF4/Ejercicios_UF4/Practica_JavaCar/24-25-pr-ctica-ii-javacar-alex_jimenez/target/classes:/Users/alex/.m2/repository/junit/junit/4.13.2/junit-4.13.2.jar:/Users/alex/.m2/repository/org/hamcrest/hamcrest-core/1.3/hamcrest-core-1.3.jar:/Users/alex/.m2/repository/org/junit/vintage/junit-vintage-engine/5.8.1/junit-vintage-engine-5.8.1.jar:/Users/alex/.m2/repository/org/junit/platform/junit-platform-engine/1.8.1/junit-platform-engine-1.8.1.jar:/Users/alex/.m2/repository/org/opentest4j/opentest4j/1.2.0/opentest4j-1.2.0.jar:/Users/alex/.m2/repository/org/junit/platform/junit-platform-commons/1.8.1/junit-platform-commons-1.8.1.jar:/Users/alex/.m2/repository/org/apiguardian/apiguardian-api/1.1.2/apiguardian-api-1.1.2.jar:"/>
    <property name="sun.cpu.endian" value="little"/>
    <property name="user.home" value="/Users/alex"/>
    <property name="user.language" value="en"/>
    <property name="java.specification.vendor" value="Oracle Corporation"/>
    <property name="java.version.date" value="2025-01-21"/>
    <property name="java.home" value="/opt/homebrew/Cellar/openjdk/23.0.2/libexec/openjdk.jdk/Contents/Home"/>
    <property name="file.separator" value="/"/>
    <property name="basedir" value="/Users/alex/Library/Mobile Documents/com~apple~CloudDocs/Mis Cosas/Estudios/CFGS - DAM/1r/M03  - Programación/JAVA/UF4/Ejercicios_UF4/Practica_JavaCar/24-25-pr-ctica-ii-javacar-alex_jimenez"/>
    <property name="java.vm.compressedOopsMode" value="Zero based"/>
    <property name="line.separator" value="&#10;"/>
    <property name="java.vm.specification.vendor" value="Oracle Corporation"/>
    <property name="java.specification.name" value="Java Platform API Specification"/>
    <property name="apple.awt.application.name" value="ForkedBooter"/>
    <property name="surefire.real.class.path" value="/Users/alex/Library/Mobile Documents/com~apple~CloudDocs/Mis Cosas/Estudios/CFGS - DAM/1r/M03  - Programación/JAVA/UF4/Ejercicios_UF4/Practica_JavaCar/24-25-pr-ctica-ii-javacar-alex_jimenez/target/surefire/surefirebooter-20250322003715417_3.jar"/>
    <property name="sun.management.compiler" value="HotSpot 64-Bit Tiered Compilers"/>
    <property name="ftp.nonProxyHosts" value="local|*.local|169.254/16|*.169.254/16"/>
    <property name="java.runtime.version" value="23.0.2"/>
    <property name="user.name" value="alex"/>
    <property name="stdout.encoding" value="UTF-8"/>
    <property name="path.separator" value=":"/>
    <property name="os.version" value="15.3.2"/>
    <property name="java.runtime.name" value="OpenJDK Runtime Environment"/>
    <property name="file.encoding" value="UTF-8"/>
    <property name="java.vm.name" value="OpenJDK 64-Bit Server VM"/>
    <property name="java.vendor.version" value="Homebrew"/>
    <property name="localRepository" value="/Users/alex/.m2/repository"/>
    <property name="java.vendor.url.bug" value="https://github.com/Homebrew/homebrew-core/issues"/>
    <property name="java.io.tmpdir" value="/var/folders/_l/6tlwj17j7sj077xzjz5tz9pr0000gn/T/"/>
    <property name="java.version" value="23.0.2"/>
    <property name="user.dir" value="/Users/alex/Library/Mobile Documents/com~apple~CloudDocs/Mis Cosas/Estudios/CFGS - DAM/1r/M03  - Programación/JAVA/UF4/Ejercicios_UF4/Practica_JavaCar/24-25-pr-ctica-ii-javacar-alex_jimenez"/>
    <property name="os.arch" value="aarch64"/>
    <property name="java.vm.specification.name" value="Java Virtual Machine Specification"/>
    <property name="native.encoding" value="UTF-8"/>
    <property name="java.library.path" value="/Users/alex/Library/Java/Extensions:/Library/Java/Extensions:/Network/Library/Java/Extensions:/System/Library/Java/Extensions:/usr/lib/java:."/>
    <property name="java.vm.info" value="mixed mode, sharing"/>
    <property name="stderr.encoding" value="UTF-8"/>
    <property name="java.vendor" value="Homebrew"/>
    <property name="java.vm.version" value="23.0.2"/>
    <property name="sun.io.unicode.encoding" value="UnicodeBig"/>
    <property name="socksNonProxyHosts" value="local|*.local|169.254/16|*.169.254/16"/>
    <property name="java.class.version" value="67.0"/>
  </properties>
  <testcase name="testAtributPrivat" classname="org.JavaCar.FurgonetaTest" time="0.002"/>
  <testcase name="testCalculPreuFurgonetaPetita" classname="org.JavaCar.FurgonetaTest" time="0.0"/>
  <testcase name="testCalculPreuFurgonetaGran" classname="org.JavaCar.FurgonetaTest" time="0.0"/>
  <testcase name="testCreacioFurgoneta" classname="org.JavaCar.FurgonetaTest" time="0.0"/>
</testsuite>